[0.271s] Invoking command in '/home/ibrahim/tasc_arm/build/phidgets_hardware': CMAKE_PREFIX_PATH=/opt/ros/humble /usr/bin/cmake /home/ibrahim/tasc_arm/src/phidgets_hardware -DCMAKE_INSTALL_PREFIX=/home/ibrahim/tasc_arm/install/phidgets_hardware
[3.128s] -- The C compiler identification is GNU 11.4.0
[4.929s] -- The CXX compiler identification is GNU 11.4.0
[5.021s] -- Detecting C compiler ABI info
[5.262s] -- Detecting C compiler ABI info - done
[5.265s] -- Check for working C compiler: /usr/bin/cc - skipped
[5.303s] -- Detecting C compile features
[5.326s] -- Detecting C compile features - done
[5.423s] -- Detecting CXX compiler ABI info
[5.570s] -- Detecting CXX compiler ABI info - done
[5.572s] -- Check for working CXX compiler: /usr/bin/c++ - skipped
[5.572s] -- Detecting CXX compile features
[5.573s] -- Detecting CXX compile features - done
[5.686s] -- Found ament_cmake: 1.3.12 (/opt/ros/humble/share/ament_cmake/cmake)
[5.962s] -- Found Python3: /usr/bin/python3 (found version "3.10.12") found components: Interpreter 
[6.328s] -- Found rclcpp: 16.0.14 (/opt/ros/humble/share/rclcpp/cmake)
[6.491s] -- Found rosidl_generator_c: 3.1.7 (/opt/ros/humble/share/rosidl_generator_c/cmake)
[6.524s] -- Found rosidl_adapter: 3.1.7 (/opt/ros/humble/share/rosidl_adapter/cmake)
[6.541s] -- Found rosidl_generator_cpp: 3.1.7 (/opt/ros/humble/share/rosidl_generator_cpp/cmake)
[6.583s] -- Using all available rosidl_typesupport_c: rosidl_typesupport_fastrtps_c;rosidl_typesupport_introspection_c
[6.628s] -- Using all available rosidl_typesupport_cpp: rosidl_typesupport_fastrtps_cpp;rosidl_typesupport_introspection_cpp
[6.734s] -- Found rmw_implementation_cmake: 6.1.2 (/opt/ros/humble/share/rmw_implementation_cmake/cmake)
[6.747s] -- Found rmw_cyclonedds_cpp: 1.3.4 (/opt/ros/humble/share/rmw_cyclonedds_cpp/cmake)
[6.856s] -- Using RMW implementation 'rmw_cyclonedds_cpp' as default
[6.901s] -- Looking for pthread.h
[7.068s] -- Looking for pthread.h - found
[7.068s] -- Performing Test CMAKE_HAVE_LIBC_PTHREAD
[7.147s] -- Performing Test CMAKE_HAVE_LIBC_PTHREAD - Success
[7.147s] -- Found Threads: TRUE  
[7.277s] -- Found hardware_interface: 2.51.0 (/opt/ros/humble/share/hardware_interface/cmake)
[7.624s] -- Found controller_manager: 2.51.0 (/opt/ros/humble/share/controller_manager/cmake)
[7.814s] -- Configuring done
[8.669s] -- Generating done
[8.672s] -- Build files have been written to: /home/ibrahim/tasc_arm/build/phidgets_hardware
[8.681s] Invoked command in '/home/ibrahim/tasc_arm/build/phidgets_hardware' returned '0': CMAKE_PREFIX_PATH=/opt/ros/humble /usr/bin/cmake /home/ibrahim/tasc_arm/src/phidgets_hardware -DCMAKE_INSTALL_PREFIX=/home/ibrahim/tasc_arm/install/phidgets_hardware
[8.682s] Invoking command in '/home/ibrahim/tasc_arm/build/phidgets_hardware': CMAKE_PREFIX_PATH=/opt/ros/humble /usr/bin/cmake --build /home/ibrahim/tasc_arm/build/phidgets_hardware -- -j4 -l4
[8.724s] [ 50%] [32mBuilding CXX object CMakeFiles/phidgets_hardware.dir/src/phidgets_stepper_hardware.cpp.o[0m
[10.445s] In file included from [01m[K/home/ibrahim/tasc_arm/src/phidgets_hardware/src/phidgets_stepper_hardware.cpp:1[m[K:
[10.445s] [01m[K/home/ibrahim/tasc_arm/src/phidgets_hardware/include/phidgets_hardware/phidgets_stepper_hardware.hpp:14:10:[m[K [01;31m[Kfatal error: [m[Kphidget22.h: No such file or directory
[10.445s]    14 | #include [01;31m[K<phidget22.h>[m[K
[10.445s]       |          [01;31m[K^~~~~~~~~~~~~[m[K
[10.445s] compilation terminated.
[10.446s] gmake[2]: *** [CMakeFiles/phidgets_hardware.dir/build.make:76: CMakeFiles/phidgets_hardware.dir/src/phidgets_stepper_hardware.cpp.o] Error 1
[10.446s] gmake[1]: *** [CMakeFiles/Makefile2:137: CMakeFiles/phidgets_hardware.dir/all] Error 2
[10.446s] gmake: *** [Makefile:146: all] Error 2
[10.449s] Invoked command in '/home/ibrahim/tasc_arm/build/phidgets_hardware' returned '2': CMAKE_PREFIX_PATH=/opt/ros/humble /usr/bin/cmake --build /home/ibrahim/tasc_arm/build/phidgets_hardware -- -j4 -l4
